2023-11-17 08:45:37 -  - exec CUpdateClientPartner::__CollectRequestData
2023-11-17 08:45:37 -  - exec CUpdateClientPartner::GetHTTPPage
2023-11-17 08:45:38 -  - exec CUpdateClientPartner::ParseServerData
2023-11-17 08:45:38 -  - exec CUpdateClientPartner::GetUpdatesList
2023-11-17 08:45:38 -  - exec CUpdateClientPartner::__CollectRequestData
2023-11-17 08:45:38 -  - utf=Y&lang=ru&stable=Y&CANGZIP=Y&SUPD_DBS=MYSQL&XE=N&CLIENT_SITE=192.168.1.93&LICENSE_KEY=X&SUPD_STS=1&SUPD_URS=1&TYPENC=D&CLIENT_PHPVER=8.0.30&NGINX=Y&dbv=5.7.43&instm=main%2C23.300.100%2CY%3Bbitrixcloud%2C22.100.0%2CN%3Btranslate%2C23.200.0%2CN%3Brest%2C23.100.0%2CN%3Bmessageservice%2C23.0.0%2CN%3Bfileman%2C22.300.0%2CN%3Blanding%2C23.600.150%2CN%3Bperfmon%2C21.0.0%2CN%3Bb24connector%2C22.0.0%2CN%3Biblock%2C23.100.0%2CN%3Bseo%2C23.200.0%2CN%3Bsocialservices%2C22.200.400%2CN%3Bbitrix.sitecorporate%2C15.5.0%2CN%3Bsearch%2C22.100.0%2CN%3Blocation%2C23.0.0%2CN%3Bclouds%2C23.0.0%2CN%3Bhighloadblock%2C22.200.0%2CN%3Bui%2C22.1600.0%2CN&reqm=bitrix.sitecorporate&fullmoduleinfo=Y&SUPD_SRS=RU&SUPD_CMP=N
2023-11-17 08:45:38 -  - exec CUpdateClientPartner::GetHTTPPage
2023-11-17 08:45:38 -  - TIME GetUpdatesList(request) 0.256 sec
2023-11-17 08:45:38 -  - exec CUpdateClientPartner::ParseServerData
2023-11-17 08:45:38 -  - exec CUpdateClientPartner::__CollectRequestData
2023-11-17 08:45:38 -  - exec CUpdateClientPartner::GetHTTPPage
2023-11-17 08:45:38 -  - exec CUpdateClientPartner::ParseServerData
2023-11-17 11:15:41 -  - exec CUpdateClientPartner::GetUpdatesList
2023-11-17 11:15:41 -  - exec CUpdateClientPartner::__CollectRequestData
2023-11-17 11:15:41 -  - utf=Y&lang=ru&stable=Y&CANGZIP=Y&SUPD_DBS=MYSQL&XE=N&CLIENT_SITE=192.168.1.93&LICENSE_KEY=X&SUPD_STS=1&SUPD_URS=1&TYPENC=D&CLIENT_PHPVER=8.0.30&NGINX=Y&dbv=5.7.43&instm=main%2C23.300.100%2CY%3Bbitrixcloud%2C22.100.0%2CN%3Btranslate%2C23.200.0%2CN%3Brest%2C23.100.0%2CN%3Bmessageservice%2C23.0.0%2CN%3Bfileman%2C22.300.0%2CN%3Blanding%2C23.600.150%2CN%3Bperfmon%2C21.0.0%2CN%3Bb24connector%2C22.0.0%2CN%3Biblock%2C23.100.0%2CN%3Bseo%2C23.200.0%2CN%3Bsocialservices%2C22.200.400%2CN%3Bbitrix.sitecorporate%2C15.5.0%2CN%3Bsearch%2C22.100.0%2CN%3Blocation%2C23.0.0%2CN%3Bclouds%2C23.0.0%2CN%3Bhighloadblock%2C22.200.0%2CN%3Bui%2C22.1600.0%2CN&reqm=bitrix.sitecorporate&fullmoduleinfo=Y&SUPD_SRS=RU&SUPD_CMP=N
2023-11-17 11:15:41 -  - exec CUpdateClientPartner::GetHTTPPage
2023-11-17 11:15:42 -  - TIME GetUpdatesList(request) 0.521 sec
2023-11-17 11:15:42 -  - exec CUpdateClientPartner::ParseServerData
2023-11-17 11:16:31 -  - exec CUpdateClientPartner::GetUpdatesList
2023-11-17 11:16:31 -  - exec CUpdateClientPartner::__CollectRequestData
2023-11-17 11:16:31 -  - utf=Y&lang=ru&stable=Y&CANGZIP=Y&SUPD_DBS=MYSQL&XE=N&CLIENT_SITE=192.168.1.93&LICENSE_KEY=X&SUPD_STS=1&SUPD_URS=1&TYPENC=D&CLIENT_PHPVER=8.0.30&NGINX=Y&dbv=5.7.43&instm=main%2C23.300.100%2CY%3Bbitrixcloud%2C22.100.0%2CN%3Btranslate%2C23.200.0%2CN%3Brest%2C23.100.0%2CN%3Bmessageservice%2C23.0.0%2CN%3Bfileman%2C22.300.0%2CN%3Blanding%2C23.600.150%2CN%3Bperfmon%2C21.0.0%2CN%3Bb24connector%2C22.0.0%2CN%3Biblock%2C23.100.0%2CN%3Bseo%2C23.200.0%2CN%3Bsocialservices%2C22.200.400%2CN%3Bbitrix.sitecorporate%2C15.5.0%2CN%3Bsearch%2C22.100.0%2CN%3Blocation%2C23.0.0%2CN%3Bclouds%2C23.0.0%2CN%3Bhighloadblock%2C22.200.0%2CN%3Bui%2C22.1600.0%2CN&reqm=bitrix.sitecorporate&SUPD_SRS=RU&SUPD_CMP=N
2023-11-17 11:16:31 -  - exec CUpdateClientPartner::GetHTTPPage
2023-11-17 11:16:36 -  - TIME GetUpdatesList(request) 5.369 sec
2023-11-17 11:16:36 -  - exec CUpdateClientPartner::ParseServerData
2023-11-17 11:16:36 -  - exec CUpdateClientPartner::GetUpdatesList
2023-11-17 11:16:36 -  - exec CUpdateClientPartner::__CollectRequestData
2023-11-17 11:16:36 -  - utf=Y&lang=ru&stable=Y&CANGZIP=Y&SUPD_DBS=MYSQL&XE=N&CLIENT_SITE=192.168.1.93&LICENSE_KEY=X&SUPD_STS=1&SUPD_URS=1&TYPENC=D&CLIENT_PHPVER=8.0.30&NGINX=Y&dbv=5.7.43&instm=main%2C23.300.100%2CY%3Bbitrixcloud%2C22.100.0%2CN%3Btranslate%2C23.200.0%2CN%3Brest%2C23.100.0%2CN%3Bmessageservice%2C23.0.0%2CN%3Bfileman%2C22.300.0%2CN%3Blanding%2C23.600.150%2CN%3Bperfmon%2C21.0.0%2CN%3Bb24connector%2C22.0.0%2CN%3Biblock%2C23.100.0%2CN%3Bseo%2C23.200.0%2CN%3Bsocialservices%2C22.200.400%2CN%3Bbitrix.sitecorporate%2C15.5.0%2CN%3Bsearch%2C22.100.0%2CN%3Blocation%2C23.0.0%2CN%3Bclouds%2C23.0.0%2CN%3Bhighloadblock%2C22.200.0%2CN%3Bui%2C22.1600.0%2CN&reqm=bitrix.sitecorporate&fullmoduleinfo=Y&SUPD_SRS=RU&SUPD_CMP=N
2023-11-17 11:16:36 -  - exec CUpdateClientPartner::GetHTTPPage
2023-11-17 11:16:36 -  - TIME GetUpdatesList(request) 0.428 sec
2023-11-17 11:16:36 -  - exec CUpdateClientPartner::ParseServerData
