2023-Nov-17 14:36:56 Наличие необходимых модулей php (check_php_modules): Ok
Все необходимые модули установлены
2023-Nov-17 14:36:56 Обязательные параметры PHP (check_php_settings): Ok
Настройки правильные
2023-Nov-17 14:36:56 Модули веб-сервера (check_security): Ok
Конфликтов не выявлено
2023-Nov-17 14:36:56 Значения переменных сервера (check_server_vars): Ok
Корректные
2023-Nov-17 14:36:56 Сохранение сессии (check_session): Ok
50% done
2023-Nov-17 14:36:56 Сохранение сессии (check_session): Ok
Успешно
2023-Nov-17 14:36:56 Параметры настройки UTF (mbstring и константа BX_UTF) (check_mbstring): Ok
Правильные. Сайт работает в UTF кодировке
2023-Nov-17 14:36:56 Служебные скрипты в корне сайта (check_install_scripts): Ok
Отсутствуют
2023-Nov-17 14:36:56 Работа с сокетами (check_socket): Ok
Connection to 192.168.1.93:80	Success

Успешно
2023-Nov-17 14:36:56 Выполнение агентов на cron (check_bx_crontab): Ok
Успешно
2023-Nov-17 14:36:56 Параметры подключения к базе данных (check_dbconn_settings): Ok
Успешно
2023-Nov-17 14:36:56 Лишний вывод в файлах конфигурации (check_dbconn): Ok
Connection to 192.168.1.93:80	Success

Успешно
2023-Nov-17 14:36:56 Сохранение сессии без UserAgent (check_session_ua): Ok
50% done
Connection to 192.168.1.93:80	Success

2023-Nov-17 14:36:56 Сохранение сессии без UserAgent (check_session_ua): Ok
Connection to 192.168.1.93:80	Success

Успешно
2023-Nov-17 14:36:56 Настройки сайтов (check_sites): Ok
Правильные
2023-Nov-17 14:36:56 Размер стека и pcre.recursion_limit (check_pcre_recursion): Ok
Connection to 192.168.1.93:80	Success

Успешно
2023-Nov-17 14:36:56 Загрузка файла (check_upload): Ok
Connection to 192.168.1.93:80	Success

Успешно
2023-Nov-17 14:36:56 Загрузка файла больше 4Мб (check_upload_big): Ok
Connection to 192.168.1.93:80	Success

Успешно
2023-Nov-17 14:36:56 Загрузка файла через php://input (check_upload_raw): Ok
Connection to 192.168.1.93:80	Success

Успешно
2023-Nov-17 14:36:56 Передача POST запроса с большим числом параметров (check_post): Ok
Connection to 192.168.1.93:80	Success

Успешно
2023-Nov-17 14:36:57 Отправка почты (check_mail): Ok
Успешно
2023-Nov-17 14:36:58 Отправка почтового сообщения больше 64Кб (check_mail_big): Warning
Замечание. Отправлено. Время отправки: 1.32 сек.
2023-Nov-17 14:36:58 Проверка на наличие неотправленных сообщений (check_mail_b_event): Fail
Ошибка! Есть ошибки при отправке системных почтовых сообщений, число неотправленных сообщений: 1 Определена константа BX_CRONTAB_SUPPORT в /bitrix/php_interface/dbconn.php, при этом должен быть настроен вызов агентов на cron.
2023-Nov-17 14:36:58 Внутреннее перенаправление (функция LocalRedirect) (check_localredirect): Ok
50% done
Connection to 192.168.1.93:80	Success

2023-Nov-17 14:36:58 Внутреннее перенаправление (функция LocalRedirect) (check_localredirect): Ok
Connection to 192.168.1.93:80	Success

Успешно
2023-Nov-17 14:36:58 Фактическое ограничение памяти (check_memory_limit): Ok
20% done
Connection to 192.168.1.93:80	Success

2023-Nov-17 14:36:59 Фактическое ограничение памяти (check_memory_limit): Ok
40% done
Connection to 192.168.1.93:80	Success

2023-Nov-17 14:36:59 Фактическое ограничение памяти (check_memory_limit): Ok
60% done
Connection to 192.168.1.93:80	Success

2023-Nov-17 14:36:59 Фактическое ограничение памяти (check_memory_limit): Ok
80% done
Connection to 192.168.1.93:80	Success

2023-Nov-17 14:36:59 Фактическое ограничение памяти (check_memory_limit): Ok
Connection to 192.168.1.93:80	Success

Не менее 256 М
2023-Nov-17 14:36:59 Работа с файлами кеша (check_cache): Ok
Успешно
2023-Nov-17 14:36:59 Доступ к серверу обновлений (check_update): Ok
Успешно
2023-Nov-17 14:36:59 HTTP авторизация (check_http_auth): Ok
Connection to 192.168.1.93:80	Success

Успешно
2023-Nov-17 14:36:59 Создание и запуск файла (check_exec): Ok
Connection to 192.168.1.93:80	Success

Успешно
2023-Nov-17 14:36:59 Функция getimagesize для swf (check_getimagesize): Ok
Успешно
2023-Nov-17 14:36:59 Версия MySQL-сервера (check_mysql_bug_version): Ok
Успешно
2023-Nov-17 14:37:00 Время на БД и веб-сервере (check_mysql_time): Ok
Успешно
2023-Nov-17 14:37:00 Режим работы MySQL (check_mysql_mode): Ok
Успешно
2023-Nov-17 14:37:00 Кодировка соединения (check_mysql_connection_charset): Ok
character_set_connection=utf8, collation_connection=utf8_unicode_ci, character_set_results=utf8
Успешно
2023-Nov-17 14:37:00 Кодировка базы данных (check_mysql_db_charset): Ok
CHARSET=utf8, COLLATION=utf8_unicode_ci
Успешно
2023-Nov-17 14:37:00 Кодировки таблиц в БД (check_mysql_table_charset): Ok
Успешно
2023-Nov-17 14:37:00 Структура базы данных (check_mysql_table_structure): Ok
0% done
2023-Nov-17 14:37:00 Структура базы данных (check_mysql_table_structure): Ok
5% done
2023-Nov-17 14:37:00 Структура базы данных (check_mysql_table_structure): Ok
11% done
2023-Nov-17 14:37:00 Структура базы данных (check_mysql_table_structure): Ok
17% done
2023-Nov-17 14:37:00 Структура базы данных (check_mysql_table_structure): Ok
23% done
2023-Nov-17 14:37:01 Структура базы данных (check_mysql_table_structure): Ok
29% done
2023-Nov-17 14:37:01 Структура базы данных (check_mysql_table_structure): Ok
35% done
2023-Nov-17 14:37:01 Структура базы данных (check_mysql_table_structure): Ok
41% done
2023-Nov-17 14:37:03 Структура базы данных (check_mysql_table_structure): Ok
47% done
2023-Nov-17 14:37:03 Структура базы данных (check_mysql_table_structure): Ok
52% done
2023-Nov-17 14:37:04 Структура базы данных (check_mysql_table_structure): Ok
58% done
2023-Nov-17 14:37:04 Структура базы данных (check_mysql_table_structure): Ok
64% done
